TN:
SF:controllers/carbonIntensity.controller.cjs
FN:4,getCarbonData
FN:19,addCarbonData
FN:39,editCarbonData
FN:54,deleteCarbonData
FN:81,oo_cm
FNF:5
FNH:2
FNDA:1,getCarbonData
FNDA:2,addCarbonData
FNDA:0,editCarbonData
FNDA:0,deleteCarbonData
FNDA:0,oo_cm
DA:2,1
DA:5,1
DA:6,1
DA:8,1
DA:9,0
DA:12,1
DA:14,0
DA:15,0
DA:20,2
DA:21,2
DA:25,2
DA:26,15
DA:27,1
DA:31,1
DA:32,1
DA:34,0
DA:35,0
DA:40,0
DA:41,0
DA:43,0
DA:44,0
DA:46,0
DA:49,0
DA:50,0
DA:55,0
DA:56,0
DA:58,0
DA:59,0
DA:61,0
DA:64,0
DA:65,0
DA:69,1
DA:81,0
LF:33
LH:13
BRDA:8,0,0,0
BRDA:8,0,1,1
BRDA:8,1,0,1
BRDA:8,1,1,1
BRDA:26,2,0,1
BRDA:26,2,1,14
BRDA:26,3,0,15
BRDA:26,3,1,14
BRDA:43,4,0,0
BRDA:43,4,1,0
BRDA:58,5,0,0
BRDA:58,5,1,0
BRDA:81,6,0,0
BRDA:81,6,1,0
BRF:14
BRH:7
end_of_record
TN:
SF:models/mockData.js
FNF:0
FNH:0
DA:1,2
DA:616,2
LF:2
LH:2
BRF:0
BRH:0
end_of_record
TN:
SF:services/carbonIntensity.service.cjs
FN:7,getAllCarbonData
FN:11,insertCarbonData
FN:16,updateCarbonData
FN:18,(anonymous_3)
FN:28,removeCarbonData
FN:30,(anonymous_5)
FNF:6
FNH:2
FNDA:2,getAllCarbonData
FNDA:1,insertCarbonData
FNDA:0,updateCarbonData
FNDA:0,(anonymous_3)
FNDA:0,removeCarbonData
FNDA:0,(anonymous_5)
DA:2,2
DA:5,2
DA:8,2
DA:12,1
DA:13,1
DA:17,0
DA:18,0
DA:21,0
DA:23,0
DA:24,0
DA:25,0
DA:29,0
DA:30,0
DA:33,0
DA:35,0
DA:36,0
DA:39,2
LF:17
LH:6
BRDA:18,0,0,0
BRDA:18,0,1,0
BRDA:21,1,0,0
BRDA:21,1,1,0
BRDA:30,2,0,0
BRDA:30,2,1,0
BRDA:33,3,0,0
BRDA:33,3,1,0
BRF:8
BRH:0
end_of_record
