TN:
SF:controllers/carbonIntensity.controller.cjs
FN:9,getCarbonData
FN:24,addCarbonData
FN:56,editCarbonData
FN:71,deleteCarbonData
FN:98,oo_cm
FNF:5
FNH:2
FNDA:1,getCarbonData
FNDA:2,addCarbonData
FNDA:0,editCarbonData
FNDA:0,deleteCarbonData
FNDA:0,oo_cm
DA:7,1
DA:10,1
DA:11,1
DA:13,1
DA:14,0
DA:17,1
DA:19,0
DA:20,0
DA:25,2
DA:26,2
DA:42,2
DA:43,15
DA:44,1
DA:48,1
DA:49,1
DA:51,0
DA:52,0
DA:57,0
DA:58,0
DA:60,0
DA:61,0
DA:63,0
DA:66,0
DA:67,0
DA:72,0
DA:73,0
DA:75,0
DA:76,0
DA:78,0
DA:81,0
DA:82,0
DA:86,1
DA:98,0
LF:33
LH:13
BRDA:13,0,0,0
BRDA:13,0,1,1
BRDA:13,1,0,1
BRDA:13,1,1,1
BRDA:43,2,0,1
BRDA:43,2,1,14
BRDA:43,3,0,15
BRDA:43,3,1,14
BRDA:60,4,0,0
BRDA:60,4,1,0
BRDA:75,5,0,0
BRDA:75,5,1,0
BRDA:98,6,0,0
BRDA:98,6,1,0
BRF:14
BRH:7
end_of_record
TN:
SF:models/mockData.js
FNF:0
FNH:0
DA:1,2
DA:616,2
LF:2
LH:2
BRF:0
BRH:0
end_of_record
TN:
SF:services/carbonIntensity.service.cjs
FN:7,getAllCarbonData
FN:11,insertCarbonData
FN:16,updateCarbonData
FN:18,(anonymous_3)
FN:28,removeCarbonData
FN:29,(anonymous_5)
FNF:6
FNH:2
FNDA:2,getAllCarbonData
FNDA:1,insertCarbonData
FNDA:0,updateCarbonData
FNDA:0,(anonymous_3)
FNDA:0,removeCarbonData
FNDA:0,(anonymous_5)
DA:2,2
DA:5,2
DA:8,2
DA:12,1
DA:13,1
DA:17,0
DA:18,0
DA:21,0
DA:23,0
DA:24,0
DA:25,0
DA:29,0
DA:31,0
DA:33,0
DA:34,0
DA:37,2
LF:16
LH:6
BRDA:18,0,0,0
BRDA:18,0,1,0
BRDA:21,1,0,0
BRDA:21,1,1,0
BRDA:29,2,0,0
BRDA:29,2,1,0
BRDA:31,3,0,0
BRDA:31,3,1,0
BRF:8
BRH:0
end_of_record
